<?xml version="1.0" encoding="UTF-8"?>
<!-- Generated by org.testng.reporters.JUnitXMLReporter -->
<testsuite hostname="C40FF62PC" ignored="2" name="Awards" tests="3" failures="2" timestamp="10 Nov 2017 04:24:25 GMT" time="198.634" errors="0">
  <testcase name="@AfterClass teardown" time="0.007" classname="com.rsi.kma.automation.utility.BaseClass">
    <failure type="java.lang.AssertionError" message="Log out is not present on the Overview activity">
      <![CDATA[java.lang.AssertionError: Log out is not present on the Overview activity
	at org.junit.Assert.fail(Assert.java:88)
	at com.rsi.kma.automation.modules.ActionModule.isDisplayed(ActionModule.java:67)
	at com.rsi.kma.automation.modules.ActionModule.click(ActionModule.java:19)
	at com.rsi.kma.automation.utility.Utils.logout(Utils.java:495)
	at com.rsi.kma.automation.utility.BaseClass.teardown(BaseClass.java:89)
... Removed 25 stack frames]]>
    </failure>
  </testcase> <!-- @AfterClass teardown -->
  <testcase name="@AfterClass teardown" time="0.004" classname="com.rsi.kma.automation.utility.BaseClass">
    <failure type="java.lang.AssertionError" message="Log out is not present on the Overview activity">
      <![CDATA[java.lang.AssertionError: Log out is not present on the Overview activity
	at org.junit.Assert.fail(Assert.java:88)
	at com.rsi.kma.automation.modules.ActionModule.isDisplayed(ActionModule.java:67)
	at com.rsi.kma.automation.modules.ActionModule.click(ActionModule.java:19)
	at com.rsi.kma.automation.utility.Utils.logout(Utils.java:495)
	at com.rsi.kma.automation.utility.BaseClass.teardown(BaseClass.java:89)
... Removed 25 stack frames]]>
    </failure>
  </testcase> <!-- @AfterClass teardown -->
  <testcase name="login" time="103.152" classname="com.rsi.kma.automation.testScripts.Regression.MyVehicles"/>
  <testcase name="login" time="0.019" classname="com.rsi.kma.automation.testScripts.Regression.Overview">
    <failure type="java.lang.AssertionError" message="Username is not present on the Login Page activity">
      <![CDATA[java.lang.AssertionError: Username is not present on the Login Page activity
	at org.junit.Assert.fail(Assert.java:88)
	at com.rsi.kma.automation.modules.ActionModule.isDisplayed(ActionModule.java:67)
	at com.rsi.kma.automation.modules.ActionModule.sendKeys(ActionModule.java:39)
	at com.rsi.kma.automation.modules.LoginModule.login(LoginModule.java:17)
	at com.rsi.kma.automation.modules.OverviewModule.NavigateToOverviewPage(OverviewModule.java:14)
	at com.rsi.kma.automation.testScripts.Regression.Overview.login(Overview.java:25)
... Removed 25 stack frames]]>
    </failure>
  </testcase> <!-- login -->
  <testcase name="changeNickname" time="0.008" classname="com.rsi.kma.automation.testScripts.Regression.MyVehicles">
    <failure type="java.lang.AssertionError" message="manage is not present on the vehicle Box activity">
      <![CDATA[java.lang.AssertionError: manage is not present on the vehicle Box activity
	at org.junit.Assert.fail(Assert.java:88)
	at com.rsi.kma.automation.modules.ActionModule.isDisplayed(ActionModule.java:67)
	at com.rsi.kma.automation.modules.ActionModule.click(ActionModule.java:19)
	at com.rsi.kma.automation.modules.MyVehicleModule.changeVehiclename(MyVehicleModule.java:35)
	at com.rsi.kma.automation.testScripts.Regression.MyVehicles.changeNickname(MyVehicles.java:44)
... Removed 25 stack frames]]>
    </failure>
  </testcase> <!-- changeNickname -->
  <testcase name="checkSupportLink" time="0.0" classname="com.rsi.kma.automation.testScripts.Regression.Overview">
    <ignored/>
  </testcase> <!-- checkSupportLink -->
  <testcase name="@BeforeSuite setUp" time="0.0" classname="com.rsi.kma.automation.utility.BaseClass">
    <ignored/>
  </testcase> <!-- @BeforeSuite setUp -->
</testsuite> <!-- Awards -->
