<?xml version="1.0" encoding="UTF-8"?>
<!-- Generated by org.testng.reporters.JUnitXMLReporter -->
<testsuite hostname="C40FF62PC" ignored="0" name="Maintenance" tests="1" failures="1" timestamp="09 Nov 2017 06:02:19 GMT" time="0.635" errors="0">
  <testcase name="login" time="0.004" classname="com.rsi.kma.automation.testScripts.Regression.Awards">
    <failure type="java.lang.NullPointerException">
      <![CDATA[java.lang.NullPointerException
	at com.rsi.kma.automation.testScripts.Regression.Awards.login(Awards.java:18)
... Removed 25 stack frames]]>
    </failure>
  </testcase> <!-- login -->
</testsuite> <!-- Maintenance -->
