<?xml version="1.0" encoding="UTF-8"?>
<!-- Generated by org.testng.reporters.JUnitXMLReporter -->
<testsuite hostname="C40FF62PC" ignored="0" name="MyVehicle and Overview Test" tests="2" failures="0" timestamp="29 Dec 2017 04:45:48 GMT" time="37.005" errors="0">
  <testcase name="loginOverview" time="32.834" classname="com.rsi.kma.automation.testScripts.Regression.Overview"/>
  <testcase name="checkDrivingScore" time="0.004" classname="com.rsi.kma.automation.testScripts.Regression.Overview">
    <skipped/>
  </testcase> <!-- checkDrivingScore -->
</testsuite> <!-- MyVehicle and Overview Test -->
