<?xml version="1.0" encoding="UTF-8"?>
<!-- Generated by org.testng.reporters.JUnitXMLReporter -->
<testsuite hostname="C40FF62PC" ignored="3" tests="0" failures="0" timestamp="29 Dec 2017 06:42:09 GMT" time="0.004" errors="0">
  <testcase name="checkDrivingScore1" time="0.0" classname="com.rsi.kma.automation.testScripts.Regression.Overview">
    <ignored/>
  </testcase> <!-- checkDrivingScore1 -->
  <testcase name="loginOverview" time="0.0" classname="com.rsi.kma.automation.testScripts.Regression.Overview">
    <ignored/>
  </testcase> <!-- loginOverview -->
  <testcase name="checkDrivingScore" time="0.0" classname="com.rsi.kma.automation.testScripts.Regression.Overview">
    <ignored/>
  </testcase> <!-- checkDrivingScore -->
</testsuite>
