<?xml version="1.0" encoding="UTF-8"?>
<!-- Generated by org.testng.reporters.JUnitXMLReporter -->
<testsuite hostname="C40FF55KMA" ignored="0" name="Testing random" tests="4" failures="4" timestamp="28 May 2018 10:35:52 GMT" time="376.971" errors="0">
  <testcase name="lockDoors" time="71.046" classname="com.rsi.kma.automation.testScripts.Regression.LockUnlock">
    <failure type="java.lang.AssertionError" message="Request timeout.Login failed.User could not land on My Vehicle page">
      <![CDATA[java.lang.AssertionError: Request timeout.Login failed.User could not land on My Vehicle pageat com.rsi.kma.automation.modules.LoginModule.login(LoginModule.java:51)at com.rsi.kma.automation.modules.OverviewModule.NavigateToOverviewPage(OverviewModule.java:47)at com.rsi.kma.automation.modules.LockUnlockModule.NavigateToLockUnlockPage(LockUnlockModule.java:31)at com.rsi.kma.automation.testScripts.Regression.LockUnlock.lockDoors(LockUnlock.java:73)... Removed 26 stack frames]]>
    </failure>
  </testcase> <!-- lockDoors -->
  <testcase name="lockDoorsEV1" time="70.819" classname="com.rsi.kma.automation.testScripts.Regression.LockUnlock">
    <failure type="java.lang.AssertionError" message="Request timeout.Login failed.User could not land on My Vehicle page">
      <![CDATA[java.lang.AssertionError: Request timeout.Login failed.User could not land on My Vehicle pageat com.rsi.kma.automation.modules.LoginModule.login(LoginModule.java:51)at com.rsi.kma.automation.modules.OverviewModule.NavigateToOverviewPage(OverviewModule.java:47)at com.rsi.kma.automation.modules.LockUnlockModule.NavigateToLockUnlockPage(LockUnlockModule.java:31)at com.rsi.kma.automation.testScripts.Regression.LockUnlock.lockDoorsEV1(LockUnlock.java:43)... Removed 26 stack frames]]>
    </failure>
  </testcase> <!-- lockDoorsEV1 -->
  <testcase name="unlockDoors" time="70.726" classname="com.rsi.kma.automation.testScripts.Regression.LockUnlock">
    <failure type="java.lang.AssertionError" message="Request timeout.Login failed.User could not land on My Vehicle page">
      <![CDATA[java.lang.AssertionError: Request timeout.Login failed.User could not land on My Vehicle pageat com.rsi.kma.automation.modules.LoginModule.login(LoginModule.java:51)at com.rsi.kma.automation.modules.OverviewModule.NavigateToOverviewPage(OverviewModule.java:47)at com.rsi.kma.automation.modules.LockUnlockModule.NavigateToLockUnlockPage(LockUnlockModule.java:31)at com.rsi.kma.automation.testScripts.Regression.LockUnlock.unlockDoors(LockUnlock.java:57)... Removed 26 stack frames]]>
    </failure>
  </testcase> <!-- unlockDoors -->
  <testcase name="unlockDoorsEV1" time="70.819" classname="com.rsi.kma.automation.testScripts.Regression.LockUnlock">
    <failure type="java.lang.AssertionError" message="Request timeout.Login failed.User could not land on My Vehicle page">
      <![CDATA[java.lang.AssertionError: Request timeout.Login failed.User could not land on My Vehicle pageat com.rsi.kma.automation.modules.LoginModule.login(LoginModule.java:51)at com.rsi.kma.automation.modules.OverviewModule.NavigateToOverviewPage(OverviewModule.java:47)at com.rsi.kma.automation.modules.LockUnlockModule.NavigateToLockUnlockPage(LockUnlockModule.java:31)at com.rsi.kma.automation.testScripts.Regression.LockUnlock.unlockDoorsEV1(LockUnlock.java:29)... Removed 26 stack frames]]>
    </failure>
  </testcase> <!-- unlockDoorsEV1 -->
</testsuite> <!-- Testing random -->
