<?xml version="1.0" encoding="UTF-8"?>
<!-- Generated by org.testng.reporters.JUnitXMLReporter -->
<testsuite hostname="C40FF62PC" ignored="4" name="POC" tests="4" failures="0" timestamp="10 Nov 2017 10:39:53 GMT" time="62.374" errors="0">
  <testcase name="loginMyVehicles" time="38.282" classname="com.rsi.kma.automation.testScripts.Regression.MyVehicles"/>
  <testcase name="checkVIN" time="0.299" classname="com.rsi.kma.automation.testScripts.Regression.MyVehicles"/>
  <testcase name="loginOverview" time="11.746" classname="com.rsi.kma.automation.testScripts.Regression.Overview"/>
  <testcase name="checkDrivingScore" time="1.577" classname="com.rsi.kma.automation.testScripts.Regression.Overview"/>
  <testcase name="checkSupportLink" time="0.0" classname="com.rsi.kma.automation.testScripts.Regression.Overview">
    <ignored/>
  </testcase> <!-- checkSupportLink -->
  <testcase name="changeNickname" time="0.0" classname="com.rsi.kma.automation.testScripts.Regression.MyVehicles">
    <ignored/>
  </testcase> <!-- changeNickname -->
  <testcase name="@AfterSuite tearDown" time="0.0" classname="com.rsi.kma.automation.utility.BaseClass">
    <ignored/>
  </testcase> <!-- @AfterSuite tearDown -->
  <testcase name="@BeforeSuite setUp" time="0.0" classname="com.rsi.kma.automation.utility.BaseClass">
    <ignored/>
  </testcase> <!-- @BeforeSuite setUp -->
</testsuite> <!-- POC -->
